<?xml version="1.0" encoding="UTF-8"?>
<!-- Generated by org.testng.reporters.JUnitReportReporter -->
<testsuite skipped="0" hostname="DESKTOP-0ET4NJV" name="com.leafBot.testcases.TC003_CreateLead" tests="2" failures="0" timestamp="01 Feb 2020 05:38:31 GMT" time="60.076" errors="0">
  <testcase name="createLead" time="27.407" classname="com.leafBot.testcases.TC003_CreateLead"/>
  <testcase name="createLead" time="32.669" classname="com.leafBot.testcases.TC003_CreateLead"/>
</testsuite> <!-- com.leafBot.testcases.TC003_CreateLead -->
